[05-Jan-2026 03:06:41 Africa/Lagos] PHP Parse error:  syntax error, unexpected token "<", expecting end of file in /home/signlwzv/web.emiltonhotels.com/includes/header.php on line 71
[05-Jan-2026 03:06:42 Africa/Lagos] PHP Parse error:  syntax error, unexpected token "<", expecting end of file in /home/signlwzv/web.emiltonhotels.com/includes/header.php on line 71
[05-Jan-2026 03:06:44 Africa/Lagos] PHP Parse error:  syntax error, unexpected token "<", expecting end of file in /home/signlwzv/web.emiltonhotels.com/includes/header.php on line 71
[05-Jan-2026 03:06:50 Africa/Lagos] PHP Parse error:  syntax error, unexpected token "<", expecting end of file in /home/signlwzv/web.emiltonhotels.com/includes/header.php on line 71
[05-Jan-2026 03:10:08 Africa/Lagos] PHP Parse error:  syntax error, unexpected token "<", expecting end of file in /home/signlwzv/web.emiltonhotels.com/includes/header.php on line 69
[05-Jan-2026 03:10:16 Africa/Lagos] PHP Parse error:  syntax error, unexpected token "<", expecting end of file in /home/signlwzv/web.emiltonhotels.com/includes/header.php on line 69
[05-Jan-2026 03:19:46 Africa/Lagos] PHP Parse error:  syntax error, unexpected identifier "DOMContentLoaded", expecting "," or ";" in /home/signlwzv/web.emiltonhotels.com/includes/header.php on line 119
[05-Jan-2026 03:20:14 Africa/Lagos] PHP Parse error:  syntax error, unexpected identifier "DOMContentLoaded", expecting "," or ";" in /home/signlwzv/web.emiltonhotels.com/includes/header.php on line 119
[05-Jan-2026 03:20:42 Africa/Lagos] PHP Parse error:  syntax error, unexpected identifier "DOMContentLoaded", expecting "," or ";" in /home/signlwzv/web.emiltonhotels.com/includes/header.php on line 119
[05-Jan-2026 03:20:42 Africa/Lagos] PHP Parse error:  syntax error, unexpected identifier "DOMContentLoaded", expecting "," or ";" in /home/signlwzv/web.emiltonhotels.com/includes/header.php on line 119
[05-Jan-2026 03:20:48 Africa/Lagos] PHP Parse error:  syntax error, unexpected identifier "DOMContentLoaded", expecting "," or ";" in /home/signlwzv/web.emiltonhotels.com/includes/header.php on line 119
[06-Jan-2026 02:03:10 Africa/Lagos] File does not exist (may have been manually deleted): /home/signlwzv/web.emiltonhotels.com/assets/uploads/img_695c5825486391.55471295.jpg
[06-Jan-2026 02:03:15 Africa/Lagos] File does not exist (may have been manually deleted): /home/signlwzv/web.emiltonhotels.com/assets/uploads/img_695c49a865e0f6.65816268.png
[06-Jan-2026 02:03:45 Africa/Lagos] File uploaded successfully - Relative path: assets/uploads/img_695c5f71903794.73531479.png, Full path: /home/signlwzv/web.emiltonhotels.com/assets/uploads/img_695c5f71903794.73531479.png, File size: 99965
[06-Jan-2026 02:04:05 Africa/Lagos] File uploaded successfully - Relative path: assets/uploads/img_695c5f85883ea1.15057654.jpeg, Full path: /home/signlwzv/web.emiltonhotels.com/assets/uploads/img_695c5f85883ea1.15057654.jpeg, File size: 20616
[06-Jan-2026 02:34:34 Africa/Lagos] File uploaded successfully - Relative path: assets/uploads/img_695c66aa3b8b61.26752756.jpg, Full path: /home/signlwzv/web.emiltonhotels.com/assets/uploads/img_695c66aa3b8b61.26752756.jpg, File size: 370588
[06-Jan-2026 02:36:19 Africa/Lagos] File uploaded successfully - Relative path: assets/uploads/img_695c67133228e9.55273035.jpg, Full path: /home/signlwzv/web.emiltonhotels.com/assets/uploads/img_695c67133228e9.55273035.jpg, File size: 222995
[06-Jan-2026 02:44:20 Africa/Lagos] File uploaded successfully - Relative path: assets/uploads/img_695c68f4f0ad38.14052665.jpg, Full path: /home/signlwzv/web.emiltonhotels.com/assets/uploads/img_695c68f4f0ad38.14052665.jpg, File size: 287817
[06-Jan-2026 02:44:48 Africa/Lagos] File uploaded successfully - Relative path: assets/uploads/img_695c69102bf0d6.34338251.jpg, Full path: /home/signlwzv/web.emiltonhotels.com/assets/uploads/img_695c69102bf0d6.34338251.jpg, File size: 289397
[06-Jan-2026 02:45:22 Africa/Lagos] Media upload validation failed: File size exceeds maximum allowed size of 5.00 MB
[06-Jan-2026 02:45:41 Africa/Lagos] File uploaded successfully - Relative path: assets/uploads/img_695c6945231539.82149696.jpg, Full path: /home/signlwzv/web.emiltonhotels.com/assets/uploads/img_695c6945231539.82149696.jpg, File size: 235921
[11-Jan-2026 19:54:40 America/Los_Angeles] File uploaded successfully - Relative path: assets/uploads/img_69647080586ab1.61337336.jpg, Full path: /home/sigsol/chateux.signature-solutions.com/assets/uploads/img_69647080586ab1.61337336.jpg, File size: 210808
[11-Jan-2026 19:54:55 America/Los_Angeles] Rooms API error: SQLSTATE[42S22]: Column not found: 1054 Unknown column 'rating' in 'SET'
[13-Jan-2026 13:01:11 America/Los_Angeles] File uploaded successfully - Relative path: assets/uploads/img_6966b2977ecc97.90377034.jpg, Full path: /home/sigsol/chateux.signature-solutions.com/assets/uploads/img_6966b2977ecc97.90377034.jpg, File size: 262035
[13-Jan-2026 13:16:40 America/Los_Angeles] File uploaded successfully - Relative path: assets/uploads/img_6966b638cd2e89.60312591.jpg, Full path: /home/sigsol/chateux.signature-solutions.com/assets/uploads/img_6966b638cd2e89.60312591.jpg, File size: 320894
[13-Jan-2026 13:32:26 America/Los_Angeles] File uploaded successfully - Relative path: assets/uploads/img_6966b9ea3f9451.72261054.png, Full path: /home/sigsol/chateux.signature-solutions.com/assets/uploads/img_6966b9ea3f9451.72261054.png, File size: 227019
[13-Jan-2026 13:57:55 America/Los_Angeles] File uploaded successfully - Relative path: assets/uploads/img_6966bfe30d3059.97335276.jpg, Full path: /home/sigsol/chateux.signature-solutions.com/assets/uploads/img_6966bfe30d3059.97335276.jpg, File size: 425632
[13-Jan-2026 13:57:55 America/Los_Angeles] File uploaded successfully - Relative path: assets/uploads/img_6966bfe36a61a7.13147478.jpg, Full path: /home/sigsol/chateux.signature-solutions.com/assets/uploads/img_6966bfe36a61a7.13147478.jpg, File size: 264062
[13-Jan-2026 13:57:59 America/Los_Angeles] File uploaded successfully - Relative path: assets/uploads/img_6966bfe72bba94.08085539.jpg, Full path: /home/sigsol/chateux.signature-solutions.com/assets/uploads/img_6966bfe72bba94.08085539.jpg, File size: 237556
[13-Jan-2026 14:07:31 America/Los_Angeles] Rooms API error: SQLSTATE[42S22]: Column not found: 1054 Unknown column 'rating' in 'SET'
[13-Jan-2026 14:08:46 America/Los_Angeles] Rooms API error: SQLSTATE[42S22]: Column not found: 1054 Unknown column 'rating' in 'SET'
[13-Jan-2026 14:09:05 America/Los_Angeles] Rooms API error: SQLSTATE[42S22]: Column not found: 1054 Unknown column 'rating' in 'SET'
[13-Jan-2026 17:12:47 America/Los_Angeles] File uploaded successfully - Relative path: assets/uploads/img_6966ed8f926f40.06547072.jpg, Full path: /home/sigsol/chateux.signature-solutions.com/assets/uploads/img_6966ed8f926f40.06547072.jpg, File size: 282668
[13-Jan-2026 17:12:48 America/Los_Angeles] File uploaded successfully - Relative path: assets/uploads/img_6966ed902cf4e4.70894790.jpg, Full path: /home/sigsol/chateux.signature-solutions.com/assets/uploads/img_6966ed902cf4e4.70894790.jpg, File size: 277790
[13-Jan-2026 17:12:48 America/Los_Angeles] File uploaded successfully - Relative path: assets/uploads/img_6966ed908b6520.84164878.jpg, Full path: /home/sigsol/chateux.signature-solutions.com/assets/uploads/img_6966ed908b6520.84164878.jpg, File size: 214497
[13-Jan-2026 17:12:50 America/Los_Angeles] File uploaded successfully - Relative path: assets/uploads/img_6966ed921795b9.08143371.jpg, Full path: /home/sigsol/chateux.signature-solutions.com/assets/uploads/img_6966ed921795b9.08143371.jpg, File size: 371850
[13-Jan-2026 17:12:50 America/Los_Angeles] File uploaded successfully - Relative path: assets/uploads/img_6966ed9271b1c6.36116926.jpg, Full path: /home/sigsol/chateux.signature-solutions.com/assets/uploads/img_6966ed9271b1c6.36116926.jpg, File size: 217458
[13-Jan-2026 17:18:28 America/Los_Angeles] File uploaded successfully - Relative path: assets/uploads/img_6966eee496a2f0.05476103.jpg, Full path: /home/sigsol/chateux.signature-solutions.com/assets/uploads/img_6966eee496a2f0.05476103.jpg, File size: 274900
[13-Jan-2026 17:18:29 America/Los_Angeles] File uploaded successfully - Relative path: assets/uploads/img_6966eee53febf1.78300951.jpg, Full path: /home/sigsol/chateux.signature-solutions.com/assets/uploads/img_6966eee53febf1.78300951.jpg, File size: 339953
[13-Jan-2026 17:18:29 America/Los_Angeles] File uploaded successfully - Relative path: assets/uploads/img_6966eee599b103.22179838.jpg, Full path: /home/sigsol/chateux.signature-solutions.com/assets/uploads/img_6966eee599b103.22179838.jpg, File size: 316300
[13-Jan-2026 17:18:29 America/Los_Angeles] File uploaded successfully - Relative path: assets/uploads/img_6966eee5f1cd58.75457027.jpg, Full path: /home/sigsol/chateux.signature-solutions.com/assets/uploads/img_6966eee5f1cd58.75457027.jpg, File size: 287842
[13-Jan-2026 17:18:30 America/Los_Angeles] File uploaded successfully - Relative path: assets/uploads/img_6966eee6511423.59588546.jpg, Full path: /home/sigsol/chateux.signature-solutions.com/assets/uploads/img_6966eee6511423.59588546.jpg, File size: 202638
[13-Jan-2026 17:18:30 America/Los_Angeles] File uploaded successfully - Relative path: assets/uploads/img_6966eee6a65525.57844398.jpg, Full path: /home/sigsol/chateux.signature-solutions.com/assets/uploads/img_6966eee6a65525.57844398.jpg, File size: 277315
[13-Jan-2026 17:18:31 America/Los_Angeles] File uploaded successfully - Relative path: assets/uploads/img_6966eee7086d87.43260600.jpg, Full path: /home/sigsol/chateux.signature-solutions.com/assets/uploads/img_6966eee7086d87.43260600.jpg, File size: 270509
[13-Jan-2026 17:21:01 America/Los_Angeles] PHP Fatal error:  Uncaught TypeError: htmlspecialchars(): Argument #1 ($string) must be of type string, array given in /home/sigsol/chateux.signature-solutions.com/includes/content-loader.php:178
Stack trace:
#0 /home/sigsol/chateux.signature-solutions.com/includes/content-loader.php(178): htmlspecialchars(Array, 3, 'UTF-8')
#1 /home/sigsol/chateux.signature-solutions.com/rooms.php(308): e(Array)
#2 {main}
  thrown in /home/sigsol/chateux.signature-solutions.com/includes/content-loader.php on line 178
[13-Jan-2026 17:22:49 America/Los_Angeles] File uploaded successfully - Relative path: assets/uploads/img_6966efe97b7468.56233224.jpg, Full path: /home/sigsol/chateux.signature-solutions.com/assets/uploads/img_6966efe97b7468.56233224.jpg, File size: 290900
[13-Jan-2026 17:22:50 America/Los_Angeles] File uploaded successfully - Relative path: assets/uploads/img_6966efea2861d5.96406850.jpg, Full path: /home/sigsol/chateux.signature-solutions.com/assets/uploads/img_6966efea2861d5.96406850.jpg, File size: 294996
[13-Jan-2026 17:22:50 America/Los_Angeles] File uploaded successfully - Relative path: assets/uploads/img_6966efeacc7418.76729771.jpg, Full path: /home/sigsol/chateux.signature-solutions.com/assets/uploads/img_6966efeacc7418.76729771.jpg, File size: 273675
[13-Jan-2026 17:22:51 America/Los_Angeles] File uploaded successfully - Relative path: assets/uploads/img_6966efeb8bb867.91549555.jpg, Full path: /home/sigsol/chateux.signature-solutions.com/assets/uploads/img_6966efeb8bb867.91549555.jpg, File size: 265810
[13-Jan-2026 17:22:51 America/Los_Angeles] File uploaded successfully - Relative path: assets/uploads/img_6966efebedf464.06364800.jpg, Full path: /home/sigsol/chateux.signature-solutions.com/assets/uploads/img_6966efebedf464.06364800.jpg, File size: 217104
[13-Jan-2026 17:22:52 America/Los_Angeles] File uploaded successfully - Relative path: assets/uploads/img_6966efecbebb09.01734879.jpg, Full path: /home/sigsol/chateux.signature-solutions.com/assets/uploads/img_6966efecbebb09.01734879.jpg, File size: 227798
[13-Jan-2026 17:22:53 America/Los_Angeles] File uploaded successfully - Relative path: assets/uploads/img_6966efed7163f1.94251260.jpg, Full path: /home/sigsol/chateux.signature-solutions.com/assets/uploads/img_6966efed7163f1.94251260.jpg, File size: 269585
[13-Jan-2026 17:24:25 America/Los_Angeles] PHP Fatal error:  Uncaught TypeError: htmlspecialchars(): Argument #1 ($string) must be of type string, array given in /home/sigsol/chateux.signature-solutions.com/includes/content-loader.php:178
Stack trace:
#0 /home/sigsol/chateux.signature-solutions.com/includes/content-loader.php(178): htmlspecialchars(Array, 3, 'UTF-8')
#1 /home/sigsol/chateux.signature-solutions.com/rooms.php(308): e(Array)
#2 {main}
  thrown in /home/sigsol/chateux.signature-solutions.com/includes/content-loader.php on line 178
[13-Jan-2026 17:25:50 America/Los_Angeles] File uploaded successfully - Relative path: assets/uploads/img_6966f09e515285.83201772.jpg, Full path: /home/sigsol/chateux.signature-solutions.com/assets/uploads/img_6966f09e515285.83201772.jpg, File size: 307540
[13-Jan-2026 17:25:51 America/Los_Angeles] File uploaded successfully - Relative path: assets/uploads/img_6966f09f1c8fc4.62053833.jpg, Full path: /home/sigsol/chateux.signature-solutions.com/assets/uploads/img_6966f09f1c8fc4.62053833.jpg, File size: 256587
[13-Jan-2026 17:25:51 America/Los_Angeles] File uploaded successfully - Relative path: assets/uploads/img_6966f09fe4e912.88106204.jpg, Full path: /home/sigsol/chateux.signature-solutions.com/assets/uploads/img_6966f09fe4e912.88106204.jpg, File size: 241135
[13-Jan-2026 17:25:52 America/Los_Angeles] File uploaded successfully - Relative path: assets/uploads/img_6966f0a09eaec1.39000578.jpg, Full path: /home/sigsol/chateux.signature-solutions.com/assets/uploads/img_6966f0a09eaec1.39000578.jpg, File size: 291746
[13-Jan-2026 17:25:53 America/Los_Angeles] File uploaded successfully - Relative path: assets/uploads/img_6966f0a163b061.56029182.jpg, Full path: /home/sigsol/chateux.signature-solutions.com/assets/uploads/img_6966f0a163b061.56029182.jpg, File size: 292225
[13-Jan-2026 17:25:53 America/Los_Angeles] File uploaded successfully - Relative path: assets/uploads/img_6966f0a1ce9671.60146899.jpg, Full path: /home/sigsol/chateux.signature-solutions.com/assets/uploads/img_6966f0a1ce9671.60146899.jpg, File size: 210038
[13-Jan-2026 17:25:54 America/Los_Angeles] File uploaded successfully - Relative path: assets/uploads/img_6966f0a29700a5.25418570.jpg, Full path: /home/sigsol/chateux.signature-solutions.com/assets/uploads/img_6966f0a29700a5.25418570.jpg, File size: 300785
[13-Jan-2026 17:25:55 America/Los_Angeles] File uploaded successfully - Relative path: assets/uploads/img_6966f0a312a5f2.74073235.jpg, Full path: /home/sigsol/chateux.signature-solutions.com/assets/uploads/img_6966f0a312a5f2.74073235.jpg, File size: 265030
[13-Jan-2026 17:25:55 America/Los_Angeles] File uploaded successfully - Relative path: assets/uploads/img_6966f0a36aa4c0.91234939.jpg, Full path: /home/sigsol/chateux.signature-solutions.com/assets/uploads/img_6966f0a36aa4c0.91234939.jpg, File size: 243016
[13-Jan-2026 17:25:55 America/Los_Angeles] File uploaded successfully - Relative path: assets/uploads/img_6966f0a3c338a4.13863446.jpg, Full path: /home/sigsol/chateux.signature-solutions.com/assets/uploads/img_6966f0a3c338a4.13863446.jpg, File size: 235557
[13-Jan-2026 17:28:12 America/Los_Angeles] PHP Fatal error:  Uncaught TypeError: htmlspecialchars(): Argument #1 ($string) must be of type string, array given in /home/sigsol/chateux.signature-solutions.com/includes/content-loader.php:178
Stack trace:
#0 /home/sigsol/chateux.signature-solutions.com/includes/content-loader.php(178): htmlspecialchars(Array, 3, 'UTF-8')
#1 /home/sigsol/chateux.signature-solutions.com/rooms.php(308): e(Array)
#2 {main}
  thrown in /home/sigsol/chateux.signature-solutions.com/includes/content-loader.php on line 178
[13-Jan-2026 17:29:59 America/Los_Angeles] File uploaded successfully - Relative path: assets/uploads/img_6966f197260ea8.31147422.jpg, Full path: /home/sigsol/chateux.signature-solutions.com/assets/uploads/img_6966f197260ea8.31147422.jpg, File size: 372240
[13-Jan-2026 17:29:59 America/Los_Angeles] File uploaded successfully - Relative path: assets/uploads/img_6966f197e4c241.65088313.jpg, Full path: /home/sigsol/chateux.signature-solutions.com/assets/uploads/img_6966f197e4c241.65088313.jpg, File size: 320081
[13-Jan-2026 17:30:00 America/Los_Angeles] File uploaded successfully - Relative path: assets/uploads/img_6966f198545a19.09551111.jpg, Full path: /home/sigsol/chateux.signature-solutions.com/assets/uploads/img_6966f198545a19.09551111.jpg, File size: 224869
[13-Jan-2026 17:30:01 America/Los_Angeles] File uploaded successfully - Relative path: assets/uploads/img_6966f1991277e0.86004964.jpg, Full path: /home/sigsol/chateux.signature-solutions.com/assets/uploads/img_6966f1991277e0.86004964.jpg, File size: 355035
[13-Jan-2026 17:30:01 America/Los_Angeles] File uploaded successfully - Relative path: assets/uploads/img_6966f1997d8b15.24349189.jpg, Full path: /home/sigsol/chateux.signature-solutions.com/assets/uploads/img_6966f1997d8b15.24349189.jpg, File size: 240824
[13-Jan-2026 17:30:01 America/Los_Angeles] File uploaded successfully - Relative path: assets/uploads/img_6966f199df2521.53636310.jpg, Full path: /home/sigsol/chateux.signature-solutions.com/assets/uploads/img_6966f199df2521.53636310.jpg, File size: 253938
[13-Jan-2026 17:30:02 America/Los_Angeles] File uploaded successfully - Relative path: assets/uploads/img_6966f19a45a506.11552246.jpg, Full path: /home/sigsol/chateux.signature-solutions.com/assets/uploads/img_6966f19a45a506.11552246.jpg, File size: 289444
[13-Jan-2026 17:30:02 America/Los_Angeles] File uploaded successfully - Relative path: assets/uploads/img_6966f19aa40450.33075476.jpg, Full path: /home/sigsol/chateux.signature-solutions.com/assets/uploads/img_6966f19aa40450.33075476.jpg, File size: 294959
[13-Jan-2026 17:30:03 America/Los_Angeles] File uploaded successfully - Relative path: assets/uploads/img_6966f19b560103.75661049.jpg, Full path: /home/sigsol/chateux.signature-solutions.com/assets/uploads/img_6966f19b560103.75661049.jpg, File size: 220899
[13-Jan-2026 17:30:04 America/Los_Angeles] File uploaded successfully - Relative path: assets/uploads/img_6966f19c2d5a37.05244644.jpg, Full path: /home/sigsol/chateux.signature-solutions.com/assets/uploads/img_6966f19c2d5a37.05244644.jpg, File size: 266983
[13-Jan-2026 17:30:04 America/Los_Angeles] File uploaded successfully - Relative path: assets/uploads/img_6966f19cd3eb76.94816334.jpg, Full path: /home/sigsol/chateux.signature-solutions.com/assets/uploads/img_6966f19cd3eb76.94816334.jpg, File size: 193120
[14-Jan-2026 00:26:43 America/Los_Angeles] File uploaded successfully - Relative path: assets/uploads/img_696753434fb332.37724635.jpg, Full path: /home/sigsol/chateux.signature-solutions.com/assets/uploads/img_696753434fb332.37724635.jpg, File size: 254400
[14-Jan-2026 00:26:44 America/Los_Angeles] File uploaded successfully - Relative path: assets/uploads/img_696753442e8c32.50948330.jpg, Full path: /home/sigsol/chateux.signature-solutions.com/assets/uploads/img_696753442e8c32.50948330.jpg, File size: 265183
[14-Jan-2026 00:26:44 America/Los_Angeles] File uploaded successfully - Relative path: assets/uploads/img_69675344bf3f29.60169734.jpg, Full path: /home/sigsol/chateux.signature-solutions.com/assets/uploads/img_69675344bf3f29.60169734.jpg, File size: 277644
[14-Jan-2026 00:27:42 America/Los_Angeles] File uploaded successfully - Relative path: assets/uploads/img_6967537e051fd0.24622597.jpg, Full path: /home/sigsol/chateux.signature-solutions.com/assets/uploads/img_6967537e051fd0.24622597.jpg, File size: 231611
[14-Jan-2026 00:27:44 America/Los_Angeles] File uploaded successfully - Relative path: assets/uploads/img_696753804279d1.89776031.jpg, Full path: /home/sigsol/chateux.signature-solutions.com/assets/uploads/img_696753804279d1.89776031.jpg, File size: 224797
[14-Jan-2026 00:27:48 America/Los_Angeles] File uploaded successfully - Relative path: assets/uploads/img_69675384259581.66291494.jpg, Full path: /home/sigsol/chateux.signature-solutions.com/assets/uploads/img_69675384259581.66291494.jpg, File size: 466739
[14-Jan-2026 00:27:51 America/Los_Angeles] File uploaded successfully - Relative path: assets/uploads/img_696753873212f6.98130741.jpg, Full path: /home/sigsol/chateux.signature-solutions.com/assets/uploads/img_696753873212f6.98130741.jpg, File size: 389857
[14-Jan-2026 00:28:29 America/Los_Angeles] File uploaded successfully - Relative path: assets/uploads/img_696753ade0c518.42496490.jpg, Full path: /home/sigsol/chateux.signature-solutions.com/assets/uploads/img_696753ade0c518.42496490.jpg, File size: 307009
[14-Jan-2026 00:28:30 America/Los_Angeles] File uploaded successfully - Relative path: assets/uploads/img_696753aec55ea3.98448396.jpg, Full path: /home/sigsol/chateux.signature-solutions.com/assets/uploads/img_696753aec55ea3.98448396.jpg, File size: 318917
[14-Jan-2026 00:28:31 America/Los_Angeles] File uploaded successfully - Relative path: assets/uploads/img_696753afb8c062.21666921.jpg, Full path: /home/sigsol/chateux.signature-solutions.com/assets/uploads/img_696753afb8c062.21666921.jpg, File size: 360620
[14-Jan-2026 00:28:32 America/Los_Angeles] File uploaded successfully - Relative path: assets/uploads/img_696753b0609676.68205754.jpg, Full path: /home/sigsol/chateux.signature-solutions.com/assets/uploads/img_696753b0609676.68205754.jpg, File size: 224909
[14-Jan-2026 00:28:33 America/Los_Angeles] File uploaded successfully - Relative path: assets/uploads/img_696753b106a309.50634453.jpg, Full path: /home/sigsol/chateux.signature-solutions.com/assets/uploads/img_696753b106a309.50634453.jpg, File size: 263752
[14-Jan-2026 00:28:33 America/Los_Angeles] File uploaded successfully - Relative path: assets/uploads/img_696753b19154e2.00771487.jpg, Full path: /home/sigsol/chateux.signature-solutions.com/assets/uploads/img_696753b19154e2.00771487.jpg, File size: 250040
[14-Jan-2026 00:28:34 America/Los_Angeles] File uploaded successfully - Relative path: assets/uploads/img_696753b246df33.31405167.jpg, Full path: /home/sigsol/chateux.signature-solutions.com/assets/uploads/img_696753b246df33.31405167.jpg, File size: 243429
[14-Jan-2026 00:29:03 America/Los_Angeles] File uploaded successfully - Relative path: assets/uploads/img_696753cfe9d949.69615534.jpg, Full path: /home/sigsol/chateux.signature-solutions.com/assets/uploads/img_696753cfe9d949.69615534.jpg, File size: 254510
[14-Jan-2026 00:29:04 America/Los_Angeles] File uploaded successfully - Relative path: assets/uploads/img_696753d0b88cb8.48473400.jpg, Full path: /home/sigsol/chateux.signature-solutions.com/assets/uploads/img_696753d0b88cb8.48473400.jpg, File size: 297129
[14-Jan-2026 00:29:05 America/Los_Angeles] File uploaded successfully - Relative path: assets/uploads/img_696753d1564cf1.49787889.jpg, Full path: /home/sigsol/chateux.signature-solutions.com/assets/uploads/img_696753d1564cf1.49787889.jpg, File size: 221536
[14-Jan-2026 00:33:06 America/Los_Angeles] PHP Fatal error:  Uncaught TypeError: htmlspecialchars(): Argument #1 ($string) must be of type string, array given in /home/sigsol/chateux.signature-solutions.com/includes/content-loader.php:178
Stack trace:
#0 /home/sigsol/chateux.signature-solutions.com/includes/content-loader.php(178): htmlspecialchars(Array, 3, 'UTF-8')
#1 /home/sigsol/chateux.signature-solutions.com/rooms.php(308): e(Array)
#2 {main}
  thrown in /home/sigsol/chateux.signature-solutions.com/includes/content-loader.php on line 178
[14-Jan-2026 00:41:20 America/Los_Angeles] File uploaded successfully - Relative path: assets/uploads/img_696756b01f8b40.55327337.jpg, Full path: /home/sigsol/chateux.signature-solutions.com/assets/uploads/img_696756b01f8b40.55327337.jpg, File size: 258300
[14-Jan-2026 00:47:06 America/Los_Angeles] PHP Fatal error:  Uncaught TypeError: htmlspecialchars(): Argument #1 ($string) must be of type string, array given in /home/sigsol/chateux.signature-solutions.com/includes/content-loader.php:178
Stack trace:
#0 /home/sigsol/chateux.signature-solutions.com/includes/content-loader.php(178): htmlspecialchars(Array, 3, 'UTF-8')
#1 /home/sigsol/chateux.signature-solutions.com/rooms.php(308): e(Array)
#2 {main}
  thrown in /home/sigsol/chateux.signature-solutions.com/includes/content-loader.php on line 178
[14-Jan-2026 04:36:59 America/Los_Angeles] File uploaded successfully - Relative path: assets/uploads/img_69678deb212fb8.70681547.jpg, Full path: /home/sigsol/chateux.signature-solutions.com/assets/uploads/img_69678deb212fb8.70681547.jpg, File size: 357196
[14-Jan-2026 04:37:00 America/Los_Angeles] File uploaded successfully - Relative path: assets/uploads/img_69678decbf2a48.05374852.jpg, Full path: /home/sigsol/chateux.signature-solutions.com/assets/uploads/img_69678decbf2a48.05374852.jpg, File size: 383535
[14-Jan-2026 04:37:01 America/Los_Angeles] File uploaded successfully - Relative path: assets/uploads/img_69678dedee3277.63792049.jpg, Full path: /home/sigsol/chateux.signature-solutions.com/assets/uploads/img_69678dedee3277.63792049.jpg, File size: 309983
[14-Jan-2026 04:37:02 America/Los_Angeles] File uploaded successfully - Relative path: assets/uploads/img_69678deee82962.94240546.jpg, Full path: /home/sigsol/chateux.signature-solutions.com/assets/uploads/img_69678deee82962.94240546.jpg, File size: 312916
[14-Jan-2026 04:37:04 America/Los_Angeles] File uploaded successfully - Relative path: assets/uploads/img_69678df00e5522.31274145.jpg, Full path: /home/sigsol/chateux.signature-solutions.com/assets/uploads/img_69678df00e5522.31274145.jpg, File size: 376611
[14-Jan-2026 04:37:05 America/Los_Angeles] File uploaded successfully - Relative path: assets/uploads/img_69678df131d730.14581357.jpg, Full path: /home/sigsol/chateux.signature-solutions.com/assets/uploads/img_69678df131d730.14581357.jpg, File size: 366055
[14-Jan-2026 05:27:16 America/Los_Angeles] PHP Fatal error:  Uncaught TypeError: htmlspecialchars(): Argument #1 ($string) must be of type string, array given in /home/sigsol/chateux.signature-solutions.com/includes/content-loader.php:178
Stack trace:
#0 /home/sigsol/chateux.signature-solutions.com/includes/content-loader.php(178): htmlspecialchars(Array, 3, 'UTF-8')
#1 /home/sigsol/chateux.signature-solutions.com/rooms.php(308): e(Array)
#2 {main}
  thrown in /home/sigsol/chateux.signature-solutions.com/includes/content-loader.php on line 178
[14-Jan-2026 06:14:23 America/Los_Angeles] PHP Fatal error:  Uncaught TypeError: htmlspecialchars(): Argument #1 ($string) must be of type string, array given in /home/sigsol/chateux.signature-solutions.com/includes/content-loader.php:178
Stack trace:
#0 /home/sigsol/chateux.signature-solutions.com/includes/content-loader.php(178): htmlspecialchars(Array, 3, 'UTF-8')
#1 /home/sigsol/chateux.signature-solutions.com/rooms.php(308): e(Array)
#2 {main}
  thrown in /home/sigsol/chateux.signature-solutions.com/includes/content-loader.php on line 178
[14-Jan-2026 06:23:48 America/Los_Angeles] PHP Fatal error:  Uncaught TypeError: htmlspecialchars(): Argument #1 ($string) must be of type string, array given in /home/sigsol/blueorangehotels.com/includes/content-loader.php:178
Stack trace:
#0 /home/sigsol/blueorangehotels.com/includes/content-loader.php(178): htmlspecialchars(Array, 3, 'UTF-8')
#1 /home/sigsol/blueorangehotels.com/rooms.php(308): e(Array)
#2 {main}
  thrown in /home/sigsol/blueorangehotels.com/includes/content-loader.php on line 178
[14-Jan-2026 06:24:05 America/Los_Angeles] PHP Fatal error:  Uncaught TypeError: htmlspecialchars(): Argument #1 ($string) must be of type string, array given in /home/sigsol/blueorangehotels.com/includes/content-loader.php:178
Stack trace:
#0 /home/sigsol/blueorangehotels.com/includes/content-loader.php(178): htmlspecialchars(Array, 3, 'UTF-8')
#1 /home/sigsol/blueorangehotels.com/rooms.php(308): e(Array)
#2 {main}
  thrown in /home/sigsol/blueorangehotels.com/includes/content-loader.php on line 178
[14-Jan-2026 07:36:48 America/Los_Angeles] PHP Fatal error:  Uncaught Error: Call to undefined function getSiteSetting() in /home/sigsol/blueorangehotels.com/admin/pages/rooms/list.php:12
Stack trace:
#0 {main}
  thrown in /home/sigsol/blueorangehotels.com/admin/pages/rooms/list.php on line 12
[19-Jan-2026 16:46:24 Africa/Lagos] File uploaded successfully - Relative path: assets/uploads/img_696e51d0263b10.97671471.jpg, Full path: /home/sigsol/peregrinehoteljos.com/assets/uploads/img_696e51d0263b10.97671471.jpg, File size: 328149
[19-Jan-2026 16:46:25 Africa/Lagos] File uploaded successfully - Relative path: assets/uploads/img_696e51d18e2b83.20773947.jpg, Full path: /home/sigsol/peregrinehoteljos.com/assets/uploads/img_696e51d18e2b83.20773947.jpg, File size: 237256
[19-Jan-2026 16:46:26 Africa/Lagos] File uploaded successfully - Relative path: assets/uploads/img_696e51d2af5118.28497175.jpg, Full path: /home/sigsol/peregrinehoteljos.com/assets/uploads/img_696e51d2af5118.28497175.jpg, File size: 224778
[19-Jan-2026 16:46:28 Africa/Lagos] File uploaded successfully - Relative path: assets/uploads/img_696e51d4714cd1.93322054.jpg, Full path: /home/sigsol/peregrinehoteljos.com/assets/uploads/img_696e51d4714cd1.93322054.jpg, File size: 230775
[19-Jan-2026 16:46:30 Africa/Lagos] File uploaded successfully - Relative path: assets/uploads/img_696e51d669eb61.84283526.jpg, Full path: /home/sigsol/peregrinehoteljos.com/assets/uploads/img_696e51d669eb61.84283526.jpg, File size: 279955
[19-Jan-2026 16:46:32 Africa/Lagos] File uploaded successfully - Relative path: assets/uploads/img_696e51d80eb3f5.75233361.jpg, Full path: /home/sigsol/peregrinehoteljos.com/assets/uploads/img_696e51d80eb3f5.75233361.jpg, File size: 242388
[19-Jan-2026 16:46:33 Africa/Lagos] File uploaded successfully - Relative path: assets/uploads/img_696e51d910a7b2.68695447.jpg, Full path: /home/sigsol/peregrinehoteljos.com/assets/uploads/img_696e51d910a7b2.68695447.jpg, File size: 222040
[19-Jan-2026 16:46:34 Africa/Lagos] File uploaded successfully - Relative path: assets/uploads/img_696e51da65ce25.92005795.jpg, Full path: /home/sigsol/peregrinehoteljos.com/assets/uploads/img_696e51da65ce25.92005795.jpg, File size: 230872
[19-Jan-2026 16:46:35 Africa/Lagos] File uploaded successfully - Relative path: assets/uploads/img_696e51dba97825.69349248.jpg, Full path: /home/sigsol/peregrinehoteljos.com/assets/uploads/img_696e51dba97825.69349248.jpg, File size: 269584
[19-Jan-2026 17:37:29 Africa/Lagos] File does not exist (may have been manually deleted): /home/sigsol/peregrinehoteljos.com/assets/uploads/img_696e4ca0d393a9.34650544.jpg
[19-Jan-2026 17:37:38 Africa/Lagos] File does not exist (may have been manually deleted): /home/sigsol/peregrinehoteljos.com/assets/uploads/img_696e4ca2219c27.79935267.jpg
[19-Jan-2026 17:37:44 Africa/Lagos] File does not exist (may have been manually deleted): /home/sigsol/peregrinehoteljos.com/assets/uploads/img_696e4cab4d0141.07281889.jpg
[19-Jan-2026 17:37:49 Africa/Lagos] File does not exist (may have been manually deleted): /home/sigsol/peregrinehoteljos.com/assets/uploads/img_696e4ca8e2db09.38555256.jpg
[19-Jan-2026 17:37:54 Africa/Lagos] File does not exist (may have been manually deleted): /home/sigsol/peregrinehoteljos.com/assets/uploads/img_696e4ca5b9f769.34382227.jpg
[19-Jan-2026 17:37:59 Africa/Lagos] File does not exist (may have been manually deleted): /home/sigsol/peregrinehoteljos.com/assets/uploads/img_696e4ca3a1c8c1.61350423.jpg
[19-Jan-2026 17:38:06 Africa/Lagos] File does not exist (may have been manually deleted): /home/sigsol/peregrinehoteljos.com/assets/uploads/img_696e4cbcc8c4b0.00194932.jpg
[19-Jan-2026 17:38:12 Africa/Lagos] File does not exist (may have been manually deleted): /home/sigsol/peregrinehoteljos.com/assets/uploads/img_696e4cba9aabb6.11178941.jpg
[19-Jan-2026 17:38:16 Africa/Lagos] File does not exist (may have been manually deleted): /home/sigsol/peregrinehoteljos.com/assets/uploads/img_696e4cafc1bc63.35793478.jpg
[19-Jan-2026 17:39:14 Africa/Lagos] File uploaded successfully - Relative path: assets/uploads/img_696e5e32e32570.94431452.jpg, Full path: /home/sigsol/peregrinehoteljos.com/assets/uploads/img_696e5e32e32570.94431452.jpg, File size: 332224
[19-Jan-2026 17:39:17 Africa/Lagos] File uploaded successfully - Relative path: assets/uploads/img_696e5e35086b25.65264294.jpg, Full path: /home/sigsol/peregrinehoteljos.com/assets/uploads/img_696e5e35086b25.65264294.jpg, File size: 272873
[19-Jan-2026 17:39:27 Africa/Lagos] File uploaded successfully - Relative path: assets/uploads/img_696e5e3f708397.69045438.jpg, Full path: /home/sigsol/peregrinehoteljos.com/assets/uploads/img_696e5e3f708397.69045438.jpg, File size: 226500
[19-Jan-2026 17:39:30 Africa/Lagos] File uploaded successfully - Relative path: assets/uploads/img_696e5e42256c58.14995823.jpg, Full path: /home/sigsol/peregrinehoteljos.com/assets/uploads/img_696e5e42256c58.14995823.jpg, File size: 234944
[19-Jan-2026 17:39:31 Africa/Lagos] File uploaded successfully - Relative path: assets/uploads/img_696e5e434138b9.92376577.jpg, Full path: /home/sigsol/peregrinehoteljos.com/assets/uploads/img_696e5e434138b9.92376577.jpg, File size: 244546
[19-Jan-2026 17:39:36 Africa/Lagos] File uploaded successfully - Relative path: assets/uploads/img_696e5e48c4fee9.75638985.jpg, Full path: /home/sigsol/peregrinehoteljos.com/assets/uploads/img_696e5e48c4fee9.75638985.jpg, File size: 256469
[19-Jan-2026 17:39:39 Africa/Lagos] File uploaded successfully - Relative path: assets/uploads/img_696e5e4bae06b7.62031569.jpg, Full path: /home/sigsol/peregrinehoteljos.com/assets/uploads/img_696e5e4bae06b7.62031569.jpg, File size: 264269
[19-Jan-2026 17:39:41 Africa/Lagos] File uploaded successfully - Relative path: assets/uploads/img_696e5e4de4bf11.54899837.jpg, Full path: /home/sigsol/peregrinehoteljos.com/assets/uploads/img_696e5e4de4bf11.54899837.jpg, File size: 240206
[19-Jan-2026 17:39:44 Africa/Lagos] File uploaded successfully - Relative path: assets/uploads/img_696e5e5015bee9.59363149.jpg, Full path: /home/sigsol/peregrinehoteljos.com/assets/uploads/img_696e5e5015bee9.59363149.jpg, File size: 230708
[19-Jan-2026 17:39:46 Africa/Lagos] File uploaded successfully - Relative path: assets/uploads/img_696e5e52829e00.29303147.jpg, Full path: /home/sigsol/peregrinehoteljos.com/assets/uploads/img_696e5e52829e00.29303147.jpg, File size: 246859
[19-Jan-2026 17:39:48 Africa/Lagos] File uploaded successfully - Relative path: assets/uploads/img_696e5e54d91fa5.31673878.jpg, Full path: /home/sigsol/peregrinehoteljos.com/assets/uploads/img_696e5e54d91fa5.31673878.jpg, File size: 244381
[19-Jan-2026 17:39:51 Africa/Lagos] File uploaded successfully - Relative path: assets/uploads/img_696e5e578c47c7.24210084.jpg, Full path: /home/sigsol/peregrinehoteljos.com/assets/uploads/img_696e5e578c47c7.24210084.jpg, File size: 286533
[19-Jan-2026 17:50:39 Africa/Lagos] File uploaded successfully - Relative path: assets/uploads/img_696e60df8fd894.18157742.png, Full path: /home/sigsol/peregrinehoteljos.com/assets/uploads/img_696e60df8fd894.18157742.png, File size: 19762
